2022/01/09 23:34:42 -------------------------------------------------------------------
2022/01/09 23:34:42 danser-go version: 0.6.8
2022/01/09 23:34:42 Ran using: [danser -quickstart -skin=#azer8dawn -replay=D:/osu!/Replays/[Tree] - FAIRY FORE - Vivid [Insane] (2021-12-26) Osu.osr -record]
2022/01/09 23:34:42 OS:  Microsoft Windows 10 Pro 10.0.19042 Build 19042
2022/01/09 23:34:42 CPU: AMD Ryzen 7 2700 Eight-Core Processor, 16 cores
2022/01/09 23:34:42 RAM: 16 GiB
2022/01/09 23:34:42 -------------------------------------------------------------------
2022/01/09 23:34:42 Checking GitHub for a new version of danser...
2022/01/09 23:34:43 You're using the newest version of danser.
2022/01/09 23:34:43 SettingsManager: Loading "H:\YOUTUBE\replay-recorder\danser\settings\default.json"
2022/01/09 23:34:43 SettingsManager: Saving current settings to "H:\YOUTUBE\replay-recorder\danser\settings\default.json"
2022/01/09 23:34:43 DatabaseManager: Initializing database...
2022/01/09 23:34:43 DatabaseManager: Database schema version: 20210423
2022/01/09 23:34:43 DatabaseManager: Database data version: 20210423
2022/01/09 23:34:44 DatabaseManager: Scanning "D:\osu!\Songs" for .osu files...
2022/01/09 23:34:44 DatabaseManager: Scan complete. Found 13752 files.
2022/01/09 23:34:44 DatabaseManager: Comparing files with database...
2022/01/09 23:34:44 DatabaseManager: New beatmap found: Touhou - u.n. owen was her (Neko God) [NekoGod].osu
2022/01/09 23:34:44 DatabaseManager: Compare complete.
2022/01/09 23:34:44 DatabaseManager: Starting import of 1 maps...
2022/01/09 23:34:44 DatabaseManager: Importing: 【オルゴールver．】U．N．オーエンは彼女なのか？ (mp3cut.net)\Touhou - u.n. owen was her (Neko God) [NekoGod].osu
2022/01/09 23:34:44 DatabaseManager: Failed to import: 【オルゴールver．】U．N．オーエンは彼女なのか？ (mp3cut.net)\Touhou - u.n. owen was her (Neko God) [NekoGod].osu
2022/01/09 23:34:44 DatabaseManager: Imported 0 new/updated beatmaps. Inserting to database...
2022/01/09 23:34:44 DatabaseManager: Insert complete.
2022/01/09 23:34:44 DatabaseManager: Loading beatmaps from database...
2022/01/09 23:34:44 DatabaseManager: Loaded 12583 total.
2022/01/09 23:34:45 Initializing GLFW...
2022/01/09 23:34:45 GLFW initialized!
2022/01/09 23:34:45 GL Vendor:     NVIDIA Corporation
2022/01/09 23:34:45 GL Renderer:   GeForce GTX 1060 6GB/PCIe/SSE2
2022/01/09 23:34:45 GL Version:    3.3.0 NVIDIA 460.89
2022/01/09 23:34:45 GLSL Version:  3.30 NVIDIA via Cg compiler
2022/01/09 23:34:45 GL Extensions: GL_AMD_multi_draw_indirect GL_AMD_seamless_cubemap_per_texture GL_AMD_vertex_shader_viewport_index GL_AMD_vertex_shader_layer GL_ARB_arrays_of_arrays GL_ARB_base_instance GL_ARB_bindless_texture GL_ARB_blend_func_extended GL_ARB_buffer_storage GL_ARB_clear_buffer_object GL_ARB_clear_texture GL_ARB_clip_control GL_ARB_color_buffer_float GL_ARB_compressed_texture_pixel_storage GL_ARB_conservative_depth GL_ARB_compute_shader GL_ARB_compute_variable_group_size GL_ARB_conditional_render_inverted GL_ARB_copy_buffer GL_ARB_copy_image GL_ARB_cull_distance GL_ARB_debug_output GL_ARB_depth_buffer_float GL_ARB_depth_clamp GL_ARB_depth_texture GL_ARB_derivative_control GL_ARB_direct_state_access GL_ARB_draw_buffers GL_ARB_draw_buffers_blend GL_ARB_draw_indirect GL_ARB_draw_elements_base_vertex GL_ARB_draw_instanced GL_ARB_enhanced_layouts GL_ARB_ES2_compatibility GL_ARB_ES3_compatibility GL_ARB_ES3_1_compatibility GL_ARB_ES3_2_compatibility GL_ARB_explicit_attrib_location GL_ARB_explicit_uniform_location GL_ARB_fragment_coord_conventions GL_ARB_fragment_layer_viewport GL_ARB_fragment_program GL_ARB_fragment_program_shadow GL_ARB_fragment_shader GL_ARB_fragment_shader_interlock GL_ARB_framebuffer_no_attachments GL_ARB_framebuffer_object GL_ARB_framebuffer_sRGB GL_ARB_geometry_shader4 GL_ARB_get_program_binary GL_ARB_get_texture_sub_image GL_ARB_gl_spirv GL_ARB_gpu_shader5 GL_ARB_gpu_shader_fp64 GL_ARB_gpu_shader_int64 GL_ARB_half_float_pixel GL_ARB_half_float_vertex GL_ARB_imaging GL_ARB_indirect_parameters GL_ARB_instanced_arrays GL_ARB_internalformat_query GL_ARB_internalformat_query2 GL_ARB_invalidate_subdata GL_ARB_map_buffer_alignment GL_ARB_map_buffer_range GL_ARB_multi_bind GL_ARB_multi_draw_indirect GL_ARB_multisample GL_ARB_multitexture GL_ARB_occlusion_query GL_ARB_occlusion_query2 GL_ARB_parallel_shader_compile GL_ARB_pipeline_statistics_query GL_ARB_pixel_buffer_object GL_ARB_point_parameters GL_ARB_point_sprite GL_ARB_polygon_offset_clamp GL_ARB_post_depth_coverage GL_ARB_program_interface_query GL_ARB_provoking_vertex GL_ARB_query_buffer_object GL_ARB_robust_buffer_access_behavior GL_ARB_robustness GL_ARB_sample_locations GL_ARB_sample_shading GL_ARB_sampler_objects GL_ARB_seamless_cube_map GL_ARB_seamless_cubemap_per_texture GL_ARB_separate_shader_objects GL_ARB_shader_atomic_counter_ops GL_ARB_shader_atomic_counters GL_ARB_shader_ballot GL_ARB_shader_bit_encoding GL_ARB_shader_clock GL_ARB_shader_draw_parameters GL_ARB_shader_group_vote GL_ARB_shader_image_load_store GL_ARB_shader_image_size GL_ARB_shader_objects GL_ARB_shader_precision GL_ARB_shader_storage_buffer_object GL_ARB_shader_subroutine GL_ARB_shader_texture_image_samples GL_ARB_shader_texture_lod GL_ARB_shading_language_100 GL_ARB_shader_viewport_layer_array GL_ARB_shading_language_420pack GL_ARB_shading_language_include GL_ARB_shading_language_packing GL_ARB_shadow GL_ARB_sparse_buffer GL_ARB_sparse_texture GL_ARB_sparse_texture2 GL_ARB_sparse_texture_clamp GL_ARB_spirv_extensions GL_ARB_stencil_texturing GL_ARB_sync GL_ARB_tessellation_shader GL_ARB_texture_barrier GL_ARB_texture_border_clamp GL_ARB_texture_buffer_object GL_ARB_texture_buffer_object_rgb32 GL_ARB_texture_buffer_range GL_ARB_texture_compression GL_ARB_texture_compression_bptc GL_ARB_texture_compression_rgtc GL_ARB_texture_cube_map GL_ARB_texture_cube_map_array GL_ARB_texture_env_add GL_ARB_texture_env_combine GL_ARB_texture_env_crossbar GL_ARB_texture_env_dot3 GL_ARB_texture_filter_anisotropic GL_ARB_texture_filter_minmax GL_ARB_texture_float GL_ARB_texture_gather GL_ARB_texture_mirror_clamp_to_edge GL_ARB_texture_mirrored_repeat GL_ARB_texture_multisample GL_ARB_texture_non_power_of_two GL_ARB_texture_query_levels GL_ARB_texture_query_lod GL_ARB_texture_rectangle GL_ARB_texture_rg GL_ARB_texture_rgb10_a2ui GL_ARB_texture_stencil8 GL_ARB_texture_storage GL_ARB_texture_storage_multisample GL_ARB_texture_swizzle GL_ARB_texture_view GL_ARB_timer_query GL_ARB_transform_feedback2 GL_ARB_transform_feedback3 GL_ARB_transform_feedback_instanced GL_ARB_transform_feedback_overflow_query GL_ARB_transpose_matrix GL_ARB_uniform_buffer_object GL_ARB_vertex_array_bgra GL_ARB_vertex_array_object GL_ARB_vertex_attrib_64bit GL_ARB_vertex_attrib_binding GL_ARB_vertex_buffer_object GL_ARB_vertex_program GL_ARB_vertex_shader GL_ARB_vertex_type_10f_11f_11f_rev GL_ARB_vertex_type_2_10_10_10_rev GL_ARB_viewport_array GL_ARB_window_pos GL_ATI_draw_buffers GL_ATI_texture_float GL_ATI_texture_mirror_once GL_S3_s3tc GL_EXT_texture_env_add GL_EXT_abgr GL_EXT_bgra GL_EXT_bindable_uniform GL_EXT_blend_color GL_EXT_blend_equation_separate GL_EXT_blend_func_separate GL_EXT_blend_minmax GL_EXT_blend_subtract GL_EXT_compiled_vertex_array GL_EXT_Cg_shader GL_EXT_depth_bounds_test GL_EXT_direct_state_access GL_EXT_draw_buffers2 GL_EXT_draw_instanced GL_EXT_draw_range_elements GL_EXT_fog_coord GL_EXT_framebuffer_blit GL_EXT_framebuffer_multisample GL_EXTX_framebuffer_mixed_formats GL_EXT_framebuffer_multisample_blit_scaled GL_EXT_framebuffer_object GL_EXT_framebuffer_sRGB GL_EXT_geometry_shader4 GL_EXT_gpu_program_parameters GL_EXT_gpu_shader4 GL_EXT_multi_draw_arrays GL_EXT_multiview_texture_multisample GL_EXT_multiview_timer_query GL_EXT_packed_depth_stencil GL_EXT_packed_float GL_EXT_packed_pixels GL_EXT_pixel_buffer_object GL_EXT_point_parameters GL_EXT_polygon_offset_clamp GL_EXT_post_depth_coverage GL_EXT_provoking_vertex GL_EXT_raster_multisample GL_EXT_rescale_normal GL_EXT_secondary_color GL_EXT_separate_shader_objects GL_EXT_separate_specular_color GL_EXT_shader_image_load_formatted GL_EXT_shader_image_load_store GL_EXT_shader_integer_mix GL_EXT_shadow_funcs GL_EXT_sparse_texture2 GL_EXT_stencil_two_side GL_EXT_stencil_wrap GL_EXT_texture3D GL_EXT_texture_array GL_EXT_texture_buffer_object GL_EXT_texture_compression_dxt1 GL_EXT_texture_compression_latc GL_EXT_texture_compression_rgtc GL_EXT_texture_compression_s3tc GL_EXT_texture_cube_map GL_EXT_texture_edge_clamp GL_EXT_texture_env_combine GL_EXT_texture_env_dot3 GL_EXT_texture_filter_anisotropic GL_EXT_texture_filter_minmax GL_EXT_texture_integer GL_EXT_texture_lod GL_EXT_texture_lod_bias GL_EXT_texture_mirror_clamp GL_EXT_texture_object GL_EXT_texture_shadow_lod GL_EXT_texture_shared_exponent GL_EXT_texture_sRGB GL_EXT_texture_sRGB_R8 GL_EXT_texture_sRGB_decode GL_EXT_texture_storage GL_EXT_texture_swizzle GL_EXT_timer_query GL_EXT_transform_feedback2 GL_EXT_vertex_array GL_EXT_vertex_array_bgra GL_EXT_vertex_attrib_64bit GL_EXT_window_rectangles GL_EXT_import_sync_object GL_IBM_rasterpos_clip GL_IBM_texture_mirrored_repeat GL_KHR_context_flush_control GL_KHR_debug GL_EXT_memory_object GL_EXT_memory_object_win32 GL_NV_memory_object_sparse GL_EXT_win32_keyed_mutex GL_KHR_parallel_shader_compile GL_KHR_no_error GL_KHR_robust_buffer_access_behavior GL_KHR_robustness GL_EXT_semaphore GL_EXT_semaphore_win32 GL_NV_timeline_semaphore GL_KHR_shader_subgroup GL_KTX_buffer_region GL_NV_alpha_to_coverage_dither_control GL_NV_bindless_multi_draw_indirect GL_NV_bindless_multi_draw_indirect_count GL_NV_bindless_texture GL_NV_blend_equation_advanced GL_NV_blend_equation_advanced_coherent GL_NVX_blend_equation_advanced_multi_draw_buffers GL_NV_blend_minmax_factor GL_NV_blend_square GL_NV_clip_space_w_scaling GL_NV_command_list GL_NV_compute_program5 GL_NV_conditional_render GL_NV_conservative_raster GL_NV_conservative_raster_dilate GL_NV_conservative_raster_pre_snap_triangles GL_NV_copy_depth_to_color GL_NV_copy_image GL_NV_depth_buffer_float GL_NV_depth_clamp GL_NV_draw_texture GL_NV_draw_vulkan_image GL_NV_ES1_1_compatibility GL_NV_ES3_1_compatibility GL_NV_explicit_multisample GL_NV_feature_query GL_NV_fence GL_NV_fill_rectangle GL_NV_float_buffer GL_NV_fog_distance GL_NV_fragment_coverage_to_color GL_NV_fragment_program GL_NV_fragment_program_option GL_NV_fragment_program2 GL_NV_fragment_shader_interlock GL_NV_framebuffer_mixed_samples GL_NV_framebuffer_multisample_coverage GL_NV_geometry_shader4 GL_NV_geometry_shader_passthrough GL_NV_gpu_program4 GL_NV_internalformat_sample_query GL_NV_gpu_program4_1 GL_NV_gpu_program5 GL_NV_gpu_program5_mem_extended GL_NV_gpu_program_fp64 GL_NV_gpu_shader5 GL_NV_half_float GL_NV_light_max_exponent GL_NV_memory_attachment GL_NV_multisample_coverage GL_NV_multisample_filter_hint GL_NV_occlusion_query GL_NV_packed_depth_stencil GL_NV_parameter_buffer_object GL_NV_parameter_buffer_object2 GL_NV_path_rendering GL_NV_path_rendering_shared_edge GL_NV_pixel_data_range GL_NV_point_sprite GL_NV_primitive_restart GL_NV_query_resource GL_NV_query_resource_tag GL_NV_register_combiners GL_NV_register_combiners2 GL_NV_sample_locations GL_NV_sample_mask_override_coverage GL_NV_shader_atomic_counters GL_NV_shader_atomic_float GL_NV_shader_atomic_float64 GL_NV_shader_atomic_fp16_vector GL_NV_shader_atomic_int64 GL_NV_shader_buffer_load GL_NV_shader_storage_buffer_object GL_NV_shader_subgroup_partitioned GL_NV_stereo_view_rendering GL_NV_texgen_reflection GL_NV_texture_barrier GL_NV_texture_compression_vtc GL_NV_texture_env_combine4 GL_NV_texture_multisample GL_NV_texture_rectangle GL_NV_texture_rectangle_compressed GL_NV_texture_shader GL_NV_texture_shader2 GL_NV_texture_shader3 GL_NV_transform_feedback GL_NV_transform_feedback2 GL_NV_uniform_buffer_unified_memory GL_NV_vertex_array_range GL_NV_vertex_array_range2 GL_NV_vertex_attrib_integer_64bit GL_NV_vertex_buffer_unified_memory GL_NV_vertex_program GL_NV_vertex_program1_1 GL_NV_vertex_program2 GL_NV_vertex_program2_option GL_NV_vertex_program3 GL_NV_viewport_array2 GL_NV_viewport_swizzle GL_NVX_conditional_render GL_NVX_linked_gpu_multicast GL_NV_gpu_multicast GL_NVX_gpu_multicast2 GL_NVX_progress_fence GL_NVX_gpu_memory_info GL_NVX_multigpu_info GL_NVX_nvenc_interop GL_NV_shader_thread_group GL_NV_shader_thread_shuffle GL_KHR_blend_equation_advanced GL_KHR_blend_equation_advanced_coherent GL_OVR_multiview GL_OVR_multiview2 GL_SGIS_generate_mipmap GL_SGIS_texture_lod GL_SGIX_depth_texture GL_SGIX_shadow GL_SUN_slice_accum GL_WIN_swap_hint WGL_EXT_swap_control 
2022/01/09 23:34:45 OpenGL initialized!
2022/01/09 23:34:46 Quicksand Bold loaded!
2022/01/09 23:34:46 Initializing BASS...
2022/01/09 23:34:46 BASS Initialized!
2022/01/09 23:34:46 BASS Version:        2.4.16.1
2022/01/09 23:34:46 BASS FX Version:     2.4.12.1
2022/01/09 23:34:46 BASS Mix Version:    2.4.10.0
2022/01/09 23:34:46 SkinManager: Loading skin: #azer8dawn
2022/01/09 23:34:46 SkinManager: Skin "#azer8dawn" loaded.
2022/01/09 23:34:46 Loading texture into atlas: assets/textures/cursor.png
2022/01/09 23:34:46 Loading texture into atlas: assets/textures/cursor-top.png
2022/01/09 23:34:46 Loading texture into atlas: assets/default-skin/hit50.png
2022/01/09 23:34:46 Loading texture into atlas: assets/default-skin/hit100.png
2022/01/09 23:34:46 Loading texture into atlas: assets/textures/triangle.png
2022/01/09 23:34:46 Loading texture into atlas: assets/textures/triangle-shadow.png
2022/01/09 23:34:46 Loading texture into atlas: assets/textures/triangle-small.png
2022/01/09 23:34:46 Loading texture into atlas: assets/textures/cross.png
2022/01/09 23:34:46 Loading texture: assets/textures/cursortrail.png
2022/01/09 23:34:46 Playing: FAIRY FORE - Vivid [Insane]
2022/01/09 23:34:46 Audio track: 01_-_vivid.mp3
2022/01/09 23:34:46 Loading texture into atlas: assets/textures/warning.png
2022/01/09 23:34:46 Loading:  D:/osu!/Replays/[Tree] - FAIRY FORE - Vivid [Insane] (2021-12-26) Osu.osr
2022/01/09 23:34:46 Loading replay for "[Tree]":
2022/01/09 23:34:46 	Mods: DT
2022/01/09 23:34:46 	Mean cv frametime: 10.67ms
2022/01/09 23:34:46 	WARNING!!! THIS REPLAY WAS PROBABLY TIMEWARPED!!!
2022/01/09 23:34:46 	Expected score: 341598
2022/01/09 23:34:46 	Expected pp: NaN
2022/01/09 23:34:46 	Replay loaded!
2022/01/09 23:34:46 Creating osu! ruleset...
2022/01/09 23:34:46 Using pp calc version 2021-11-09 with hotfix: https://osu.ppy.sh/home/news/2021-11-09-performance-points-star-rating-updates
2022/01/09 23:34:46 Calculating step SR for mods: DT
2022/01/09 23:34:46 Calculations finished!
2022/01/09 23:34:46 Stars:
2022/01/09 23:34:46 	Aim:   3.2847966155190225
2022/01/09 23:34:46 	Speed: 3.723566279845236
2022/01/09 23:34:46 	Total: 7.311324303417116
2022/01/09 23:34:46 SS PP:
2022/01/09 23:34:46 	Aim:   134.93119166749358
2022/01/09 23:34:46 	Tap:   206.9741316322575
2022/01/09 23:34:46 	Acc:   65.75587168684731
2022/01/09 23:34:46 	Total: 417.0472364546833
2022/01/09 23:34:46 Calculating HP rates for "[Tree]􏿿"...
2022/01/09 23:34:46 	Passive drain rate: 10.183736076581548
2022/01/09 23:34:46 	Normal multiplier: 1
2022/01/09 23:34:46 	Combo end multiplier: 1
2022/01/09 23:34:47 Ubuntu Regular loaded!
2022/01/09 23:34:47 Please put your osu!api v1 key into 'H:\YOUTUBE\replay-recorder\danser\settings\api.txt' file
2022/01/09 23:34:47 Creating HitObject container...
2022/01/09 23:34:47 Container created.
2022/01/09 23:34:47 SkinManager: Texture uploaded as single texture: cursor-ripple.png
2022/01/09 23:34:47 SkinManager: Texture uploaded as single texture: score-percent.png
2022/01/09 23:34:47 SkinManager: Texture uploaded as single texture: scorebar-bg.png
2022/01/09 23:34:47 SkinManager: Texture uploaded as single texture: scorebar-colour.png
2022/01/09 23:34:47 SkinManager: Texture uploaded as single texture: menu-button-background.png
2022/01/09 23:34:48 Starting encoding!
2022/01/09 23:34:48 Running ffmpeg with options: [-y -f rawvideo -vcodec rawvideo -s 1920x1080 -pix_fmt yuv420p -r 60 -i - -an -vf vflip -profile:v high -preset faster -c:v libx264 -color_range 1 -colorspace 1 -color_trc 1 -color_primaries 1 -movflags +write_colr -crf 14 H:\YOUTUBE\replay-recorder\danser\videos\danser_2022-01-09_23-34-47_temp\video.mp4]
2022/01/09 23:34:48 Running ffmpeg with options: [-y -f f32le -acodec pcm_f32le -ar 48000 -ac 2 -i - -nostats -vn -c:a aac -b:a 320k H:\YOUTUBE\replay-recorder\danser\videos\danser_2022-01-09_23-34-47_temp\audio.mp4]
2022/01/09 23:34:48 Progress: 5%, Speed: 2.74x, ETA: 08s
2022/01/09 23:34:49 Progress: 10%, Speed: 1.36x, ETA: 15s
2022/01/09 23:34:49 Progress: 15%, Speed: 1.29x, ETA: 15s
2022/01/09 23:34:50 Progress: 20%, Speed: 1.83x, ETA: 10s
2022/01/09 23:34:50 Progress: 25%, Speed: 1.82x, ETA: 09s
2022/01/09 23:34:51 Progress: 30%, Speed: 1.90x, ETA: 08s
2022/01/09 23:34:51 Progress: 35%, Speed: 2.11x, ETA: 07s
2022/01/09 23:34:51 Progress: 40%, Speed: 2.39x, ETA: 05s
2022/01/09 23:34:52 Progress: 45%, Speed: 1.95x, ETA: 06s
2022/01/09 23:34:52 Progress: 50%, Speed: 2.18x, ETA: 05s
2022/01/09 23:34:52 Progress: 55%, Speed: 1.81x, ETA: 05s
2022/01/09 23:34:53 Progress: 60%, Speed: 2.08x, ETA: 04s
2022/01/09 23:34:53 Progress: 65%, Speed: 2.23x, ETA: 03s
2022/01/09 23:34:53 +---+---------+---------+----------+-------+-----+-----+----+------+-------+-----------+------+--------+
2022/01/09 23:34:53 | # | PLAYER  |  SCORE  | ACCURACY | GRADE | 300 | 100 | 50 | MISS | COMBO | MAX COMBO | MODS |   PP   |
2022/01/09 23:34:53 +---+---------+---------+----------+-------+-----+-----+----+------+-------+-----------+------+--------+
2022/01/09 23:34:53 | 1 | [Tree]􏿿 | 341,598 |    99.38 | S     | 107 |   1 |  0 |    0 |   114 |       114 | DT   | 403.78 |
2022/01/09 23:34:53 +---+---------+---------+----------+-------+-----+-----+----+------+-------+-----------+------+--------+
2022/01/09 23:34:53 
2022/01/09 23:34:54 Progress: 70%, Speed: 2.06x, ETA: 03s
2022/01/09 23:34:54 SkinManager: Texture uploaded as single texture: ranking-panel.png
2022/01/09 23:34:54 PERFECT
2022/01/09 23:34:54 Progress: 75%, Speed: 2.21x, ETA: 02s
2022/01/09 23:34:55 Progress: 80%, Speed: 1.52x, ETA: 03s
2022/01/09 23:34:55 Progress: 85%, Speed: 2.44x, ETA: 01s
2022/01/09 23:34:56 Progress: 90%, Speed: 2.94x, ETA: 00s
2022/01/09 23:34:56 Progress: 95%, Speed: 3.09x, ETA: 00s
2022/01/09 23:34:56 Progress: 100%, Speed: 2.64x, ETA: 00s
2022/01/09 23:34:56 Finishing rendering...
2022/01/09 23:34:56 Finished! Stopping video videoPipe...
2022/01/09 23:34:57 Finished! Stopping audio videoPipe...
2022/01/09 23:34:57 Pipes closed.
2022/01/09 23:34:57 Ffmpeg finished.
2022/01/09 23:34:57 Starting composing audio and video into one file...
2022/01/09 23:34:57 Running ffmpeg with options: [-y -i H:\YOUTUBE\replay-recorder\danser\videos\danser_2022-01-09_23-34-47_temp\video.mp4 -i H:\YOUTUBE\replay-recorder\danser\videos\danser_2022-01-09_23-34-47_temp\audio.mp4 -c:v copy -c:a copy -movflags +faststart H:\YOUTUBE\replay-recorder\danser\videos\danser_2022-01-09_23-34-47.mp4]
2022/01/09 23:34:57 Finished!
2022/01/09 23:34:57 Cleaning up intermediate files...
2022/01/09 23:34:57 Finished.
